<?xml version="1.0" encoding="UTF-8"?>
<!-- Generated by org.testng.reporters.JUnitXMLReporter -->
<testsuite ignored="9" hostname="Mahabaleshwarkar" failures="0" tests="1" name="Default test" time="19.081" errors="0" timestamp="2024-07-21T12:34:32 IST">
  <testcase classname="com.metamesh.FilterTestCases" name="verifyTotalAmountWhenDiscountCouponAppliedToIncreasedQuantity" time="10.81"/>
  <testcase classname="com.metamesh.FilterTestCases" name="verifyListOfProductsWhenMenFilterIsAppliedForLevisPOM" time="0.0">
    <ignored/>
  </testcase> <!-- verifyListOfProductsWhenMenFilterIsAppliedForLevisPOM -->
  <testcase classname="com.metamesh.FilterTestCases" name="verifyListOfProductsWhenMenFilterIsAppliedForLevis" time="0.0">
    <ignored/>
  </testcase> <!-- verifyListOfProductsWhenMenFilterIsAppliedForLevis -->
  <testcase classname="com.metamesh.FilterTestCases" name="verifyBrandNameWhenBrandFilterAppliedForAdidasPOMM" time="0.0">
    <ignored/>
  </testcase> <!-- verifyBrandNameWhenBrandFilterAppliedForAdidasPOMM -->
  <testcase classname="com.metamesh.FilterTestCases" name="verifyProductAddedInCartPOM" time="0.0">
    <ignored/>
  </testcase> <!-- verifyProductAddedInCartPOM -->
  <testcase classname="com.metamesh.FilterTestCases" name="verifyListOfProductsWhenBrandFilterIsAppliedForIndianJerseyPOM" time="0.0">
    <ignored/>
  </testcase> <!-- verifyListOfProductsWhenBrandFilterIsAppliedForIndianJerseyPOM -->
  <testcase classname="com.metamesh.FilterTestCases" name="verifyProductAddedToBagPOM" time="0.0">
    <ignored/>
  </testcase> <!-- verifyProductAddedToBagPOM -->
  <testcase classname="com.metamesh.FilterTestCases" name="verifySizeWhenProductOpendInNewTabPOM" time="0.0">
    <ignored/>
  </testcase> <!-- verifySizeWhenProductOpendInNewTabPOM -->
  <testcase classname="com.metamesh.FilterTestCases" name="verifyProductSummaryAddedInCartPOM" time="0.0">
    <ignored/>
  </testcase> <!-- verifyProductSummaryAddedInCartPOM -->
  <testcase classname="com.metamesh.FilterTestCases" name="verifyListOfIncreasedProductQuantityPOM" time="0.0">
    <ignored/>
  </testcase> <!-- verifyListOfIncreasedProductQuantityPOM -->
</testsuite> <!-- Default test -->
