<?xml version="1.0" encoding="UTF-8"?>
<testng-results ignored="0" total="1" passed="1" failed="0" skipped="0">
  <reporter-output>
  </reporter-output>
  <suite started-at="2024-07-21T12:34:13 IST" name="Default suite" finished-at="2024-07-21T12:34:32 IST" duration-ms="19081">
    <groups>
    </groups>
    <test started-at="2024-07-21T12:34:13 IST" name="Default test" finished-at="2024-07-21T12:34:32 IST" duration-ms="19081">
      <class name="com.metamesh.FilterTestCases">
        <test-method is-config="true" signature="Setup()[pri:0, instance:com.metamesh.FilterTestCases@3214ee6]" started-at="2024-07-21T12:34:13 IST" name="Setup" finished-at="2024-07-21T12:34:21 IST" duration-ms="8200" status="PASS">
          <reporter-output>
          </reporter-output>
        </test-method> <!-- Setup -->
        <test-method signature="verifyTotalAmountWhenDiscountCouponAppliedToIncreasedQuantity()[pri:0, instance:com.metamesh.FilterTestCases@3214ee6]" started-at="2024-07-21T12:34:21 IST" name="verifyTotalAmountWhenDiscountCouponAppliedToIncreasedQuantity" finished-at="2024-07-21T12:34:32 IST" duration-ms="10810" status="PASS">
          <reporter-output>
          </reporter-output>
        </test-method> <!-- verifyTotalAmountWhenDiscountCouponAppliedToIncreasedQuantity -->
      </class> <!-- com.metamesh.FilterTestCases -->
    </test> <!-- Default test -->
  </suite> <!-- Default suite -->
</testng-results>
